<?xml version="1.0" encoding="UTF-8"?>
<!-- Generated by org.testng.reporters.JUnitReportReporter -->
<testsuite hostname="Rumpelstiltskin" failures="0" tests="3" name="com.crm.qa.testcases.LoginPageTest" time="23.700" errors="0" timestamp="30 Apr 2024 05:40:39 GMT" skipped="0">
  <testcase classname="com.crm.qa.testcases.LoginPageTest" name="verifyPageTitleTest" time="4.898"/>
  <testcase classname="com.crm.qa.testcases.LoginPageTest" name="LoginToSailPointTest" time="8.494"/>
  <testcase classname="com.crm.qa.testcases.LoginPageTest" name="LogoutOfSailPointTest" time="10.308"/>
</testsuite> <!-- com.crm.qa.testcases.LoginPageTest -->
