<?xml version="1.0" encoding="UTF-8"?>
<!-- Generated by org.testng.reporters.JUnitReportReporter -->
<testsuite hostname="DESKTOP-756QMON" failures="0" tests="3" name="com.crm.qa.testcases.HomePageTest" time="46.383" errors="0" timestamp="29 Aug 2021 17:41:03 GMT" skipped="0">
  <testcase classname="com.crm.qa.testcases.HomePageTest" name="verifyHomePageTitleTest" time="14.317"/>
  <testcase classname="com.crm.qa.testcases.HomePageTest" name="verifyUserNameTest" time="13.811"/>
  <testcase classname="com.crm.qa.testcases.HomePageTest" name="verifyContactsLinkTest" time="18.255"/>
</testsuite> <!-- com.crm.qa.testcases.HomePageTest -->
