<?xml version="1.0" encoding="UTF-8"?>
<!-- Generated by org.testng.reporters.JUnitReportReporter -->
<testsuite hostname="DESKTOP-756QMON" failures="0" tests="3" name="com.crm.qa.testcases.LoginPageTest" time="26.800" errors="0" timestamp="29 Aug 2021 17:41:03 GMT" skipped="0">
  <testcase classname="com.crm.qa.testcases.LoginPageTest" name="loginPageTitleTest" time="7.113"/>
  <testcase classname="com.crm.qa.testcases.LoginPageTest" name="crmLogoImageTest" time="6.628"/>
  <testcase classname="com.crm.qa.testcases.LoginPageTest" name="loginTest" time="13.059"/>
</testsuite> <!-- com.crm.qa.testcases.LoginPageTest -->
