<?xml version="1.0" encoding="UTF-8"?>
<!-- Generated by org.testng.reporters.JUnitReportReporter -->
<testsuite hostname="Rumpelstiltskin" failures="0" tests="1" name="com.crm.qa.testcases.RefreshIdentityCubeTaskTest" time="32.856" errors="0" timestamp="30 Apr 2024 05:40:39 GMT" skipped="0">
  <testcase classname="com.crm.qa.testcases.RefreshIdentityCubeTaskTest" name="SingleIdentityRefreshTaskTest" time="32.856"/>
</testsuite> <!-- com.crm.qa.testcases.RefreshIdentityCubeTaskTest -->
