<?xml version="1.0" encoding="UTF-8"?>
<!-- Generated by org.testng.reporters.JUnitReportReporter -->
<testsuite hostname="Rumpelstiltskin" failures="0" tests="2" name="com.crm.qa.testcases.TaskPageTest" time="49.356" errors="0" timestamp="28 Apr 2024 13:41:12 GMT" skipped="0">
  <testcase classname="com.crm.qa.testcases.TaskPageTest" name="SingleIdentityRefreshTaskTest" time="26.127"/>
  <testcase classname="com.crm.qa.testcases.TaskPageTest" name="PerformMaintenanceTaskTest" time="23.229"/>
</testsuite> <!-- com.crm.qa.testcases.TaskPageTest -->
