<?xml version="1.0" encoding="UTF-8"?>
<!-- Generated by org.testng.reporters.JUnitReportReporter -->
<testsuite hostname="Rumpelstiltskin" failures="0" tests="2" name="com.crm.qa.testcases.CheckRequestStatusTest" time="38.933" errors="0" timestamp="28 Apr 2024 13:41:12 GMT" skipped="0">
  <testcase classname="com.crm.qa.testcases.CheckRequestStatusTest" name="TrackMyrequestsTest" time="17.261"/>
  <testcase classname="com.crm.qa.testcases.CheckRequestStatusTest" name="ViewUserApplicationsTabTest" time="21.672"/>
</testsuite> <!-- com.crm.qa.testcases.CheckRequestStatusTest -->
