<?xml version="1.0" encoding="UTF-8"?>
<!-- Generated by org.testng.reporters.JUnitReportReporter -->
<testsuite hostname="Rumpelstiltskin" failures="0" tests="1" name="com.crm.qa.testcases.CancelAccessRequestTest" time="17.899" errors="0" timestamp="28 Apr 2024 13:41:12 GMT" skipped="0">
  <testcase classname="com.crm.qa.testcases.CancelAccessRequestTest" name="TrackMyrequestsTest" time="17.899"/>
</testsuite> <!-- com.crm.qa.testcases.CancelAccessRequestTest -->
