<?xml version="1.0" encoding="UTF-8"?>
<!-- Generated by org.testng.reporters.JUnitReportReporter -->
<testsuite hostname="DESKTOP-756QMON" failures="0" tests="1" name="com.crm.qa.testcases.FreeCrmTest" time="57.084" errors="0" timestamp="29 Aug 2021 12:56:26 GMT" skipped="0">
  <testcase classname="com.crm.qa.testcases.FreeCrmTest" name="freeCrmTitleTest" time="57.084"/>
</testsuite> <!-- com.crm.qa.testcases.FreeCrmTest -->
